mode: count
github.com/Percona-Lab/mysql_random_data_load/main.go:72.13,75.14 2 0
github.com/Percona-Lab/mysql_random_data_load/main.go:83.2,83.16 1 0
github.com/Percona-Lab/mysql_random_data_load/main.go:88.2,90.28 3 0
github.com/Percona-Lab/mysql_random_data_load/main.go:93.2,93.16 1 0
github.com/Percona-Lab/mysql_random_data_load/main.go:97.2,107.16 3 0
github.com/Percona-Lab/mysql_random_data_load/main.go:110.2,113.72 2 0
github.com/Percona-Lab/mysql_random_data_load/main.go:119.2,120.16 2 0
github.com/Percona-Lab/mysql_random_data_load/main.go:126.2,127.12 2 0
github.com/Percona-Lab/mysql_random_data_load/main.go:131.2,133.29 2 0
github.com/Percona-Lab/mysql_random_data_load/main.go:141.2,141.23 1 0
github.com/Percona-Lab/mysql_random_data_load/main.go:145.2,145.23 1 0
github.com/Percona-Lab/mysql_random_data_load/main.go:149.2,149.21 1 0
github.com/Percona-Lab/mysql_random_data_load/main.go:153.2,153.13 1 0
github.com/Percona-Lab/mysql_random_data_load/main.go:164.2,172.12 8 0
github.com/Percona-Lab/mysql_random_data_load/main.go:184.2,185.18 2 0
github.com/Percona-Lab/mysql_random_data_load/main.go:189.2,190.16 2 0
github.com/Percona-Lab/mysql_random_data_load/main.go:193.2,194.19 2 0
github.com/Percona-Lab/mysql_random_data_load/main.go:204.2,206.26 3 0
github.com/Percona-Lab/mysql_random_data_load/main.go:209.2,209.52 1 0
github.com/Percona-Lab/mysql_random_data_load/main.go:219.2,220.13 2 0
github.com/Percona-Lab/mysql_random_data_load/main.go:223.2,223.12 1 0
github.com/Percona-Lab/mysql_random_data_load/main.go:75.14,82.3 6 0
github.com/Percona-Lab/mysql_random_data_load/main.go:83.16,86.3 2 0
github.com/Percona-Lab/mysql_random_data_load/main.go:90.28,92.3 1 0
github.com/Percona-Lab/mysql_random_data_load/main.go:93.16,95.3 1 0
github.com/Percona-Lab/mysql_random_data_load/main.go:107.16,108.13 1 0
github.com/Percona-Lab/mysql_random_data_load/main.go:113.72,117.3 3 0
github.com/Percona-Lab/mysql_random_data_load/main.go:120.16,124.3 3 0
github.com/Percona-Lab/mysql_random_data_load/main.go:127.12,130.3 2 0
github.com/Percona-Lab/mysql_random_data_load/main.go:133.29,135.36 2 0
github.com/Percona-Lab/mysql_random_data_load/main.go:135.36,138.4 2 0
github.com/Percona-Lab/mysql_random_data_load/main.go:141.23,143.3 1 0
github.com/Percona-Lab/mysql_random_data_load/main.go:145.23,147.3 1 0
github.com/Percona-Lab/mysql_random_data_load/main.go:149.21,151.3 1 0
github.com/Percona-Lab/mysql_random_data_load/main.go:153.13,155.3 1 0
github.com/Percona-Lab/mysql_random_data_load/main.go:172.12,176.113 4 0
github.com/Percona-Lab/mysql_random_data_load/main.go:176.113,181.4 4 0
github.com/Percona-Lab/mysql_random_data_load/main.go:185.18,187.3 1 0
github.com/Percona-Lab/mysql_random_data_load/main.go:190.16,192.3 1 0
github.com/Percona-Lab/mysql_random_data_load/main.go:194.19,197.17 3 0
github.com/Percona-Lab/mysql_random_data_load/main.go:197.17,199.4 1 0
github.com/Percona-Lab/mysql_random_data_load/main.go:206.26,208.3 1 0
github.com/Percona-Lab/mysql_random_data_load/main.go:209.52,211.17 2 0
github.com/Percona-Lab/mysql_random_data_load/main.go:215.3,216.27 2 0
github.com/Percona-Lab/mysql_random_data_load/main.go:211.17,213.4 1 0
github.com/Percona-Lab/mysql_random_data_load/main.go:220.13,222.3 1 0
github.com/Percona-Lab/mysql_random_data_load/main.go:227.110,228.16 1 0
github.com/Percona-Lab/mysql_random_data_load/main.go:231.2,238.22 7 0
github.com/Percona-Lab/mysql_random_data_load/main.go:242.2,246.16 4 0
github.com/Percona-Lab/mysql_random_data_load/main.go:275.2,277.21 3 0
github.com/Percona-Lab/mysql_random_data_load/main.go:228.16,230.3 1 0
github.com/Percona-Lab/mysql_random_data_load/main.go:238.22,240.3 1 0
github.com/Percona-Lab/mysql_random_data_load/main.go:246.16,250.33 4 0
github.com/Percona-Lab/mysql_random_data_load/main.go:254.3,256.23 3 0
github.com/Percona-Lab/mysql_random_data_load/main.go:259.3,260.27 2 0
github.com/Percona-Lab/mysql_random_data_load/main.go:264.3,272.6 8 0
github.com/Percona-Lab/mysql_random_data_load/main.go:250.33,253.4 2 0
github.com/Percona-Lab/mysql_random_data_load/main.go:256.23,258.4 1 0
github.com/Percona-Lab/mysql_random_data_load/main.go:260.27,261.12 1 0
github.com/Percona-Lab/mysql_random_data_load/main.go:280.42,282.29 2 0
github.com/Percona-Lab/mysql_random_data_load/main.go:285.2,285.12 1 0
github.com/Percona-Lab/mysql_random_data_load/main.go:282.29,284.3 1 0
github.com/Percona-Lab/mysql_random_data_load/main.go:293.59,296.12 3 0
github.com/Percona-Lab/mysql_random_data_load/main.go:306.2,306.20 1 0
github.com/Percona-Lab/mysql_random_data_load/main.go:296.12,297.30 1 0
github.com/Percona-Lab/mysql_random_data_load/main.go:304.3,304.25 1 0
github.com/Percona-Lab/mysql_random_data_load/main.go:297.30,299.33 2 0
github.com/Percona-Lab/mysql_random_data_load/main.go:302.4,302.22 1 0
github.com/Percona-Lab/mysql_random_data_load/main.go:299.33,301.5 1 0
github.com/Percona-Lab/mysql_random_data_load/main.go:319.81,320.29 1 1
github.com/Percona-Lab/mysql_random_data_load/main.go:320.29,322.30 2 3
github.com/Percona-Lab/mysql_random_data_load/main.go:325.3,325.24 1 3
github.com/Percona-Lab/mysql_random_data_load/main.go:322.30,324.4 1 9
github.com/Percona-Lab/mysql_random_data_load/main.go:329.58,337.2 3 1
github.com/Percona-Lab/mysql_random_data_load/main.go:339.105,341.16 2 0
github.com/Percona-Lab/mysql_random_data_load/main.go:349.2,350.16 2 0
github.com/Percona-Lab/mysql_random_data_load/main.go:353.2,355.11 3 0
github.com/Percona-Lab/mysql_random_data_load/main.go:341.16,347.3 5 0
github.com/Percona-Lab/mysql_random_data_load/main.go:350.16,352.3 1 0
github.com/Percona-Lab/mysql_random_data_load/main.go:359.76,361.31 2 0
github.com/Percona-Lab/mysql_random_data_load/main.go:410.2,410.15 1 0
github.com/Percona-Lab/mysql_random_data_load/main.go:361.31,363.52 1 0
github.com/Percona-Lab/mysql_random_data_load/main.go:366.3,366.30 1 0
github.com/Percona-Lab/mysql_random_data_load/main.go:378.3,379.45 2 0
github.com/Percona-Lab/mysql_random_data_load/main.go:382.3,382.25 1 0
github.com/Percona-Lab/mysql_random_data_load/main.go:363.52,364.12 1 0
github.com/Percona-Lab/mysql_random_data_load/main.go:366.30,371.18 2 0
github.com/Percona-Lab/mysql_random_data_load/main.go:375.4,376.12 2 0
github.com/Percona-Lab/mysql_random_data_load/main.go:371.18,373.13 2 0
github.com/Percona-Lab/mysql_random_data_load/main.go:379.45,381.4 1 0
github.com/Percona-Lab/mysql_random_data_load/main.go:383.71,384.95 1 0
github.com/Percona-Lab/mysql_random_data_load/main.go:385.37,387.78 1 0
github.com/Percona-Lab/mysql_random_data_load/main.go:388.39,390.59 1 0
github.com/Percona-Lab/mysql_random_data_load/main.go:391.15,392.86 1 0
github.com/Percona-Lab/mysql_random_data_load/main.go:393.32,394.90 1 0
github.com/Percona-Lab/mysql_random_data_load/main.go:395.75,397.59 1 0
github.com/Percona-Lab/mysql_random_data_load/main.go:398.15,399.68 1 0
github.com/Percona-Lab/mysql_random_data_load/main.go:400.15,402.49 1 0
github.com/Percona-Lab/mysql_random_data_load/main.go:403.22,404.87 1 0
github.com/Percona-Lab/mysql_random_data_load/main.go:405.11,406.83 1 0
github.com/Percona-Lab/mysql_random_data_load/main.go:413.57,415.31 2 1
github.com/Percona-Lab/mysql_random_data_load/main.go:425.2,425.19 1 1
github.com/Percona-Lab/mysql_random_data_load/main.go:415.31,416.39 1 13
github.com/Percona-Lab/mysql_random_data_load/main.go:419.3,420.52 1 13
github.com/Percona-Lab/mysql_random_data_load/main.go:423.3,423.63 1 12
github.com/Percona-Lab/mysql_random_data_load/main.go:416.39,417.12 1 0
github.com/Percona-Lab/mysql_random_data_load/main.go:420.52,421.12 1 1
github.com/Percona-Lab/mysql_random_data_load/main.go:428.115,433.63 4 1
github.com/Percona-Lab/mysql_random_data_load/main.go:437.2,437.21 1 1
github.com/Percona-Lab/mysql_random_data_load/main.go:444.2,445.16 2 1
github.com/Percona-Lab/mysql_random_data_load/main.go:448.2,452.18 3 1
github.com/Percona-Lab/mysql_random_data_load/main.go:480.2,480.35 1 1
github.com/Percona-Lab/mysql_random_data_load/main.go:483.2,483.20 1 1
github.com/Percona-Lab/mysql_random_data_load/main.go:433.63,435.3 1 0
github.com/Percona-Lab/mysql_random_data_load/main.go:437.21,439.3 1 0
github.com/Percona-Lab/mysql_random_data_load/main.go:439.3,442.3 1 1
github.com/Percona-Lab/mysql_random_data_load/main.go:445.16,447.3 1 0
github.com/Percona-Lab/mysql_random_data_load/main.go:452.18,456.19 3 100
github.com/Percona-Lab/mysql_random_data_load/main.go:475.3,475.17 1 100
github.com/Percona-Lab/mysql_random_data_load/main.go:478.3,478.31 1 100
github.com/Percona-Lab/mysql_random_data_load/main.go:457.79,460.11 3 100
github.com/Percona-Lab/mysql_random_data_load/main.go:462.41,465.11 3 0
github.com/Percona-Lab/mysql_random_data_load/main.go:466.37,469.11 3 0
github.com/Percona-Lab/mysql_random_data_load/main.go:470.48,473.11 3 0
github.com/Percona-Lab/mysql_random_data_load/main.go:475.17,477.4 1 0
github.com/Percona-Lab/mysql_random_data_load/main.go:480.35,482.3 1 0
github.com/Percona-Lab/mysql_random_data_load/main.go:486.35,487.64 1 14
github.com/Percona-Lab/mysql_random_data_load/main.go:490.2,490.41 1 14
github.com/Percona-Lab/mysql_random_data_load/main.go:487.64,489.3 1 0
github.com/Percona-Lab/mysql_random_data_load/main.go:493.45,523.2 3 13
